# JRE version: Java(TM) SE Runtime Environment (8.0_60-b27) (build 1.8.0_60-b27)
# Java VM: Java HotSpot(TM) 64-Bit Server VM (25.60-b23 mixed mode windows-amd64 compressed oops)
Heap:
 PSYoungGen      total 202240K, used 24109K [0x00000000d5f00000, 0x00000000e6500000, 0x0000000100000000)
  eden space 184832K, 3% used [0x00000000d5f00000,0x00000000d658e3b8,0x00000000e1380000)
  from space 17408K, 99% used [0x00000000e1380000,0x00000000e247d130,0x00000000e2480000)
  to   space 20480K, 0% used [0x00000000e5100000,0x00000000e5100000,0x00000000e6500000)
 ParOldGen       total 108032K, used 26548K [0x0000000081c00000, 0x0000000088580000, 0x00000000d5f00000)
  object space 108032K, 24% used [0x0000000081c00000,0x00000000835ed128,0x0000000088580000)
 Metaspace       used 51630K, capacity 52072K, committed 52352K, reserved 1095680K
  class space    used 6649K, capacity 6765K, committed 6784K, reserved 1048576K
GC Heap History (10 events):
Event: 4.246 GC heap before
{Heap before GC invocations=9 (full 1):
 PSYoungGen      total 111104K, used 109848K [0x00000000d5f00000, 0x00000000e0700000, 0x0000000100000000)
  eden space 99840K, 100% used [0x00000000d5f00000,0x00000000dc080000,0x00000000dc080000)
  from space 11264K, 88% used [0x00000000dc080000,0x00000000dca460b0,0x00000000dcb80000)
  to   space 12288K, 0% used [0x00000000dfb00000,0x00000000dfb00000,0x00000000e0700000)
 ParOldGen       total 65536K, used 10517K [0x0000000081c00000, 0x0000000085c00000, 0x00000000d5f00000)
  object space 65536K, 16% used [0x0000000081c00000,0x0000000082645568,0x0000000085c00000)
 Metaspace       used 30624K, capacity 30954K, committed 31360K, reserved 1077248K
  class space    used 3797K, capacity 3870K, committed 3968K, reserved 1048576K
Event: 4.258 GC heap after
Heap after GC invocations=9 (full 1):
 PSYoungGen      total 158720K, used 11007K [0x00000000d5f00000, 0x00000000e0900000, 0x0000000100000000)
  eden space 146432K, 0% used [0x00000000d5f00000,0x00000000d5f00000,0x00000000dee00000)
  from space 12288K, 89% used [0x00000000dfb00000,0x00000000e05bfd10,0x00000000e0700000)
  to   space 13312K, 0% used [0x00000000dee00000,0x00000000dee00000,0x00000000dfb00000)
 ParOldGen       total 65536K, used 10525K [0x0000000081c00000, 0x0000000085c00000, 0x00000000d5f00000)
  object space 65536K, 16% used [0x0000000081c00000,0x0000000082647568,0x0000000085c00000)
 Metaspace       used 30624K, capacity 30954K, committed 31360K, reserved 1077248K
  class space    used 3797K, capacity 3870K, committed 3968K, reserved 1048576K
}
Event: 4.913 GC heap before
{Heap before GC invocations=10 (full 1):
 PSYoungGen      total 158720K, used 86472K [0x00000000d5f00000, 0x00000000e0900000, 0x0000000100000000)
  eden space 146432K, 51% used [0x00000000d5f00000,0x00000000da8b2698,0x00000000dee00000)
  from space 12288K, 89% used [0x00000000dfb00000,0x00000000e05bfd10,0x00000000e0700000)
  to   space 13312K, 0% used [0x00000000dee00000,0x00000000dee00000,0x00000000dfb00000)
 ParOldGen       total 65536K, used 10525K [0x0000000081c00000, 0x0000000085c00000, 0x00000000d5f00000)
  object space 65536K, 16% used [0x0000000081c00000,0x0000000082647568,0x0000000085c00000)
 Metaspace       used 34907K, capacity 35222K, committed 35496K, reserved 1081344K
  class space    used 4463K, capacity 4544K, committed 4608K, reserved 1048576K
Event: 4.924 GC heap after
Heap after GC invocations=10 (full 1):
 PSYoungGen      total 159744K, used 13307K [0x00000000d5f00000, 0x00000000e3600000, 0x0000000100000000)
  eden space 146432K, 0% used [0x00000000d5f00000,0x00000000d5f00000,0x00000000dee00000)
  from space 13312K, 99% used [0x00000000dee00000,0x00000000dfafefd8,0x00000000dfb00000)
  to   space 15872K, 0% used [0x00000000e2680000,0x00000000e2680000,0x00000000e3600000)
 ParOldGen       total 65536K, used 13615K [0x0000000081c00000, 0x0000000085c00000, 0x00000000d5f00000)
  object space 65536K, 20% used [0x0000000081c00000,0x000000008294be40,0x0000000085c00000)
 Metaspace       used 34907K, capacity 35222K, committed 35496K, reserved 1081344K
  class space    used 4463K, capacity 4544K, committed 4608K, reserved 1048576K
}
Event: 4.924 GC heap before
{Heap before GC invocations=11 (full 2):
 PSYoungGen      total 159744K, used 13307K [0x00000000d5f00000, 0x00000000e3600000, 0x0000000100000000)
  eden space 146432K, 0% used [0x00000000d5f00000,0x00000000d5f00000,0x00000000dee00000)
  from space 13312K, 99% used [0x00000000dee00000,0x00000000dfafefd8,0x00000000dfb00000)
  to   space 15872K, 0% used [0x00000000e2680000,0x00000000e2680000,0x00000000e3600000)
 ParOldGen       total 65536K, used 13615K [0x0000000081c00000, 0x0000000085c00000, 0x00000000d5f00000)
  object space 65536K, 20% used [0x0000000081c00000,0x000000008294be40,0x0000000085c00000)
 Metaspace       used 34907K, capacity 35222K, committed 35496K, reserved 1081344K
  class space    used 4463K, capacity 4544K, committed 4608K, reserved 1048576K
Event: 4.996 GC heap after
Heap after GC invocations=11 (full 2):
 PSYoungGen      total 159744K, used 0K [0x00000000d5f00000, 0x00000000e3600000, 0x0000000100000000)
  eden space 146432K, 0% used [0x00000000d5f00000,0x00000000d5f00000,0x00000000dee00000)
  from space 13312K, 0% used [0x00000000dee00000,0x00000000dee00000,0x00000000dfb00000)
  to   space 15872K, 0% used [0x00000000e2680000,0x00000000e2680000,0x00000000e3600000)
 ParOldGen       total 108032K, used 25093K [0x0000000081c00000, 0x0000000088580000, 0x00000000d5f00000)
  object space 108032K, 23% used [0x0000000081c00000,0x0000000083481508,0x0000000088580000)
 Metaspace       used 34907K, capacity 35222K, committed 35496K, reserved 1081344K
  class space    used 4463K, capacity 4544K, committed 4608K, reserved 1048576K
}
Event: 7.268 GC heap before
{Heap before GC invocations=12 (full 2):
 PSYoungGen      total 159744K, used 146432K [0x00000000d5f00000, 0x00000000e3600000, 0x0000000100000000)
  eden space 146432K, 100% used [0x00000000d5f00000,0x00000000dee00000,0x00000000dee00000)
  from space 13312K, 0% used [0x00000000dee00000,0x00000000dee00000,0x00000000dfb00000)
  to   space 15872K, 0% used [0x00000000e2680000,0x00000000e2680000,0x00000000e3600000)
 ParOldGen       total 108032K, used 25093K [0x0000000081c00000, 0x0000000088580000, 0x00000000d5f00000)
  object space 108032K, 23% used [0x0000000081c00000,0x0000000083481508,0x0000000088580000)
 Metaspace       used 45672K, capacity 46014K, committed 46336K, reserved 1089536K
  class space    used 5971K, capacity 6060K, committed 6144K, reserved 1048576K
Event: 7.285 GC heap after
Heap after GC invocations=12 (full 2):
 PSYoungGen      total 198144K, used 15063K [0x00000000d5f00000, 0x00000000e3580000, 0x0000000100000000)
  eden space 182784K, 0% used [0x00000000d5f00000,0x00000000d5f00000,0x00000000e1180000)
  from space 15360K, 98% used [0x00000000e2680000,0x00000000e3535f28,0x00000000e3580000)
  to   space 17408K, 0% used [0x00000000e1380000,0x00000000e1380000,0x00000000e2480000)
 ParOldGen       total 108032K, used 25101K [0x0000000081c00000, 0x0000000088580000, 0x00000000d5f00000)
  object space 108032K, 23% used [0x0000000081c00000,0x0000000083483508,0x0000000088580000)
 Metaspace       used 45672K, capacity 46014K, committed 46336K, reserved 1089536K
  class space    used 5971K, capacity 6060K, committed 6144K, reserved 1048576K
}
Event: 8.806 GC heap before
{Heap before GC invocations=13 (full 2):
 PSYoungGen      total 198144K, used 197847K [0x00000000d5f00000, 0x00000000e3580000, 0x0000000100000000)
  eden space 182784K, 100% used [0x00000000d5f00000,0x00000000e1180000,0x00000000e1180000)
  from space 15360K, 98% used [0x00000000e2680000,0x00000000e3535f28,0x00000000e3580000)
  to   space 17408K, 0% used [0x00000000e1380000,0x00000000e1380000,0x00000000e2480000)
 ParOldGen       total 108032K, used 25101K [0x0000000081c00000, 0x0000000088580000, 0x00000000d5f00000)
  object space 108032K, 23% used [0x0000000081c00000,0x0000000083483508,0x0000000088580000)
 Metaspace       used 51181K, capacity 51656K, committed 52096K, reserved 1095680K
  class space    used 6595K, capacity 6733K, committed 6784K, reserved 1048576K
Event: 8.825 GC heap after
Heap after GC invocations=13 (full 2):
 PSYoungGen      total 202240K, used 17396K [0x00000000d5f00000, 0x00000000e6500000, 0x0000000100000000)
  eden space 184832K, 0% used [0x00000000d5f00000,0x00000000d5f00000,0x00000000e1380000)
  from space 17408K, 99% used [0x00000000e1380000,0x00000000e247d130,0x00000000e2480000)
  to   space 20480K, 0% used [0x00000000e5100000,0x00000000e5100000,0x00000000e6500000)
 ParOldGen       total 108032K, used 26548K [0x0000000081c00000, 0x0000000088580000, 0x00000000d5f00000)
  object space 108032K, 24% used [0x0000000081c00000,0x00000000835ed128,0x0000000088580000)
 Metaspace       used 51181K, capacity 51656K, committed 52096K, reserved 1095680K
  class space    used 6595K, capacity 6733K, committed 6784K, reserved 1048576K
}

